-------------------------------------------------------------------------------
Test set: GridTest
-------------------------------------------------------------------------------
Tests run: 16, Failures: 7, Errors: 0, Skipped: 0, Time elapsed: 0.012 sec <<< FAILURE!
GridTest.testRemoveFlagThree()  Time elapsed: 0 sec  <<< FAILURE!
junit.framework.ComparisonFailure: expected:<Cell already revealed.> but was:<>
	at junit.framework.Assert.assertEquals(Assert.java:81)
	at junit.framework.Assert.assertEquals(Assert.java:87)
	at GridTest.testRemoveFlagThree(GridTest.java:189)

GridTest.testBuildGrid()  Time elapsed: 0.007 sec  <<< FAILURE!
org.opentest4j.AssertionFailedError: getCell is not working correctly. ==> expected: <null> but was: <game.minesweeper.Cell@467aecef>
	at org.junit.jupiter.api.AssertionUtils.fail(AssertionUtils.java:55)
	at org.junit.jupiter.api.AssertNull.failNotNull(AssertNull.java:54)
	at org.junit.jupiter.api.AssertNull.assertNull(AssertNull.java:38)
	at org.junit.jupiter.api.Assertions.assertNull(Assertions.java:283)
	at GridTest.testBuildGrid(GridTest.java:92)

GridTest.testAddFlagOne()  Time elapsed: 0 sec  <<< FAILURE!
junit.framework.ComparisonFailure: expected:<Flag added.> but was:<>
	at junit.framework.Assert.assertEquals(Assert.java:81)
	at junit.framework.Assert.assertEquals(Assert.java:87)
	at GridTest.testAddFlagOne(GridTest.java:135)

GridTest.testRemoveFlagOne()  Time elapsed: 0 sec  <<< FAILURE!
junit.framework.ComparisonFailure: expected:<Flag removed.> but was:<>
	at junit.framework.Assert.assertEquals(Assert.java:81)
	at junit.framework.Assert.assertEquals(Assert.java:87)
	at GridTest.testRemoveFlagOne(GridTest.java:170)

GridTest.testAddFlagTwo()  Time elapsed: 0.001 sec  <<< FAILURE!
junit.framework.ComparisonFailure: expected:<There is already a flag.> but was:<>
	at junit.framework.Assert.assertEquals(Assert.java:81)
	at junit.framework.Assert.assertEquals(Assert.java:87)
	at GridTest.testAddFlagTwo(GridTest.java:145)

GridTest.testRemoveFlagTw0()  Time elapsed: 0 sec  <<< FAILURE!
junit.framework.ComparisonFailure: expected:<There is no flag to remove.> but was:<>
	at junit.framework.Assert.assertEquals(Assert.java:81)
	at junit.framework.Assert.assertEquals(Assert.java:87)
	at GridTest.testRemoveFlagTw0(GridTest.java:179)

GridTest.testAddFlagThree()  Time elapsed: 0.001 sec  <<< FAILURE!
junit.framework.ComparisonFailure: expected:<Cell already revealed.> but was:<>
	at junit.framework.Assert.assertEquals(Assert.java:81)
	at junit.framework.Assert.assertEquals(Assert.java:87)
	at GridTest.testAddFlagThree(GridTest.java:155)

