<?xml version="1.0" encoding="UTF-8" ?>
<testsuite tests="16" failures="7" name="GridTest" time="0.009" errors="0" skipped="0">
  <properties>
[...]
</properties>
  <testcase classname="GridTest" name="GridTest.testGetSetHasHitMine" time="0"/>
  <testcase classname="GridTest" name="GridTest.testRemoveFlagThree" time="0">
    <failure message="expected:&lt;Cell already revealed.&gt; but was:&lt;&gt;" type="junit.framework.ComparisonFailure">junit.framework.ComparisonFailure: expected:&lt;Cell already revealed.&gt; but was:&lt;&gt;
	at junit.framework.Assert.assertEquals(Assert.java:81)
	at junit.framework.Assert.assertEquals(Assert.java:87)
	at GridTest.testRemoveFlagThree(GridTest.java:189)
</failure>
    <system-out>Cell already revealed.
</system-out>
  </testcase>
  <testcase classname="GridTest" name="GridTest.testUpdateGrid" time="0"/>
  <testcase classname="GridTest" name="GridTest.testGetSetHeight" time="0"/>
  <testcase classname="GridTest" name="GridTest.testSetGetWidth" time="0"/>
  <testcase classname="GridTest" name="GridTest.testGetNumMines" time="0"/>
  <testcase classname="GridTest" name="GridTest.testBuildGrid" time="0.007">
    <failure message="getCell is not working correctly. ==&gt; expected: &lt;null&gt; but was: &lt;game.minesweeper.Cell@467aecef&gt;" type="org.opentest4j.AssertionFailedError">org.opentest4j.AssertionFailedError: getCell is not working correctly. ==&gt; expected: &lt;null&gt; but was: &lt;game.minesweeper.Cell@467aecef&gt;
	at org.junit.jupiter.api.AssertionUtils.fail(AssertionUtils.java:55)
	at org.junit.jupiter.api.AssertNull.failNotNull(AssertNull.java:54)
	at org.junit.jupiter.api.AssertNull.assertNull(AssertNull.java:38)
	at org.junit.jupiter.api.Assertions.assertNull(Assertions.java:283)
	at GridTest.testBuildGrid(GridTest.java:92)
</failure>
  </testcase>
  <testcase classname="GridTest" name="GridTest.testAddFlagOne" time="0">
    <failure message="expected:&lt;Flag added.&gt; but was:&lt;&gt;" type="junit.framework.ComparisonFailure">junit.framework.ComparisonFailure: expected:&lt;Flag added.&gt; but was:&lt;&gt;
	at junit.framework.Assert.assertEquals(Assert.java:81)
	at junit.framework.Assert.assertEquals(Assert.java:87)
	at GridTest.testAddFlagOne(GridTest.java:135)
</failure>
    <system-out>Flag added.
</system-out>
  </testcase>
  <testcase classname="GridTest" name="GridTest.testRemoveFlagOne" time="0">
    <failure message="expected:&lt;Flag removed.&gt; but was:&lt;&gt;" type="junit.framework.ComparisonFailure">junit.framework.ComparisonFailure: expected:&lt;Flag removed.&gt; but was:&lt;&gt;
	at junit.framework.Assert.assertEquals(Assert.java:81)
	at junit.framework.Assert.assertEquals(Assert.java:87)
	at GridTest.testRemoveFlagOne(GridTest.java:170)
</failure>
    <system-out>Flag removed.
</system-out>
  </testcase>
  <testcase classname="GridTest" name="GridTest.testIsInRange" time="0"/>
  <testcase classname="GridTest" name="GridTest.testGetNeighbours" time="0"/>
  <testcase classname="GridTest" name="GridTest.testAddFlagTwo" time="0.001">
    <failure message="expected:&lt;There is already a flag.&gt; but was:&lt;&gt;" type="junit.framework.ComparisonFailure">junit.framework.ComparisonFailure: expected:&lt;There is already a flag.&gt; but was:&lt;&gt;
	at junit.framework.Assert.assertEquals(Assert.java:81)
	at junit.framework.Assert.assertEquals(Assert.java:87)
	at GridTest.testAddFlagTwo(GridTest.java:145)
</failure>
    <system-out>There is already a flag.
</system-out>
  </testcase>
  <testcase classname="GridTest" name="GridTest.testRemoveFlagTw0" time="0">
    <failure message="expected:&lt;There is no flag to remove.&gt; but was:&lt;&gt;" type="junit.framework.ComparisonFailure">junit.framework.ComparisonFailure: expected:&lt;There is no flag to remove.&gt; but was:&lt;&gt;
	at junit.framework.Assert.assertEquals(Assert.java:81)
	at junit.framework.Assert.assertEquals(Assert.java:87)
	at GridTest.testRemoveFlagTw0(GridTest.java:179)
</failure>
    <system-out>There is no flag to remove.
</system-out>
  </testcase>
  <testcase classname="GridTest" name="GridTest.testAddFlagThree" time="0.001">
    <failure message="expected:&lt;Cell already revealed.&gt; but was:&lt;&gt;" type="junit.framework.ComparisonFailure">junit.framework.ComparisonFailure: expected:&lt;Cell already revealed.&gt; but was:&lt;&gt;
	at junit.framework.Assert.assertEquals(Assert.java:81)
	at junit.framework.Assert.assertEquals(Assert.java:87)
	at GridTest.testAddFlagThree(GridTest.java:155)
</failure>
    <system-out>Cell already revealed.
</system-out>
  </testcase>
  <testcase classname="GridTest" name="GridTest.testRevealCell" time="0"/>
  <testcase classname="GridTest" name="GridTest.testRevealAll" time="0"/>
</testsuite>