<?xml version="1.0" encoding="UTF-8" ?>
<testsuite tests="16" failures="7" name="GridTest" time="0.009" errors="0" skipped="0">
  <properties>
    <property name="java.runtime.name" value="Java(TM) SE Runtime Environment"/>
    <property name="java.vm.version" value="18.0.1.1+2-6"/>
    <property name="sun.boot.library.path" value="C:\Program Files\Java\jdk-18.0.1.1\bin"/>
    <property name="maven.multiModuleProjectDirectory" value="C:/Users/Kirk/IntelliJProjects/Minesweeper"/>
    <property name="java.vm.vendor" value="Oracle Corporation"/>
    <property name="java.vendor.url" value="https://java.oracle.com/"/>
    <property name="guice.disable.misplaced.annotation.check" value="true"/>
    <property name="path.separator" value=";"/>
    <property name="java.vm.name" value="Java HotSpot(TM) 64-Bit Server VM"/>
    <property name="sun.os.patch.level" value=""/>
    <property name="user.script" value=""/>
    <property name="user.country" value="GB"/>
    <property name="sun.java.launcher" value="SUN_STANDARD"/>
    <property name="java.vm.specification.name" value="Java Virtual Machine Specification"/>
    <property name="user.dir" value="C:\Users\Kirk\IntelliJProjects\Minesweeper"/>
    <property name="java.vm.compressedOopsMode" value="Zero based"/>
    <property name="java.runtime.version" value="18.0.1.1+2-6"/>
    <property name="os.arch" value="amd64"/>
    <property name="java.io.tmpdir" value="C:\Users\Kirk\AppData\Local\Temp\"/>
    <property name="line.separator" value="
"/>
    <property name="java.vm.specification.vendor" value="Oracle Corporation"/>
    <property name="user.variant" value=""/>
    <property name="os.name" value="Windows 11"/>
    <property name="classworlds.conf" value="C:/Program Files/apache-maven-3.8.5/bin/m2.conf"/>
    <property name="sun.jnu.encoding" value="Cp1252"/>
    <property name="java.library.path" value="C:\Program Files\Java\jdk-18.0.1.1\bin;C:\WINDOWS\Sun\Java\bin;C:\WINDOWS\system32;C:\WINDOWS;C:\Program Files\Git\mingw64\bin;C:\Program Files\Git\usr\bin;C:\Users\Kirk\bin;C:\Program Files\Common Files\Oracle\Java\javapath;C:\Program Files (x86)\Common Files\Oracle\Java\javapath;C:\Windows\system32;C:\Windows;C:\Windows\System32\Wbem;C:\Windows\System32\WindowsPowerShell\v1.0;C:\Windows\System32\OpenSSH;C:\Program Files\Intel\WiFi\bin;C:\Program Files\Common Files\Intel\WirelessCommon;C:\Program Files (x86)\NVIDIA Corporation\PhysX\Common;C:\Program Files\NVIDIA Corporation\NVIDIA NvDLISR;C:\WINDOWS\system32;C:\WINDOWS;C:\WINDOWS\System32\Wbem;C:\WINDOWS\System32\WindowsPowerShell\v1.0;C:\WINDOWS\System32\OpenSSH;C:\Program Files (x86)\Windows Kits\10\Windows Performance Toolkit;C:\WINDOWS\system32;C:\WINDOWS;C:\WINDOWS\System32\Wbem;C:\WINDOWS\System32\WindowsPowerShell\v1.0;C:\WINDOWS\System32\OpenSSH;C:\Program Files\nodejs;C:\Program Files\dotnet;C:\Program Files (x86)\dotnet;C:\Program Files\Git\cmd;C:\Users\Kirk\AppData\Local\Microsoft\WindowsApps;C:\Program Files\Intel\WiFi\bin;C:\Program Files\Common Files\Intel\WirelessCommon;C:\Users\Kirk\AppData\Local\GitHubDesktop\bin;C:\Users\Kirk\AppData\Local\Programs\Microsoft VS Code\bin;C:\Users\Kirk\AppData\Roaming\npm;C:\Users\Kirk\.dotnet\tools;C:\Program Files\Java\jdk-18.0.1.1\bin;C:\Program Files\apache-maven-3.8.5\bin;."/>
    <property name="maven.conf" value="C:/Program Files/apache-maven-3.8.5/conf"/>
    <property name="jdk.debug" value="release"/>
    <property name="java.class.version" value="62.0"/>
    <property name="java.specification.name" value="Java Platform API Specification"/>
    <property name="sun.management.compiler" value="HotSpot 64-Bit Tiered Compilers"/>
    <property name="os.version" value="10.0"/>
    <property name="library.jansi.path" value="C:/Program Files/apache-maven-3.8.5/lib/jansi-native"/>
    <property name="user.home" value="C:\Users\Kirk"/>
    <property name="user.timezone" value="Europe/London"/>
    <property name="file.encoding" value="UTF-8"/>
    <property name="java.specification.version" value="18"/>
    <property name="user.name" value="Kirk"/>
    <property name="java.class.path" value="C:/Program Files/apache-maven-3.8.5/boot/plexus-classworlds-2.6.0.jar"/>
    <property name="java.vm.specification.version" value="18"/>
    <property name="sun.arch.data.model" value="64"/>
    <property name="sun.java.command" value="org.codehaus.plexus.classworlds.launcher.Launcher clean test"/>
    <property name="java.home" value="C:\Program Files\Java\jdk-18.0.1.1"/>
    <property name="user.language" value="en"/>
    <property name="java.specification.vendor" value="Oracle Corporation"/>
    <property name="java.vm.info" value="mixed mode, sharing"/>
    <property name="java.version" value="18.0.1.1"/>
    <property name="native.encoding" value="Cp1252"/>
    <property name="java.vendor" value="Oracle Corporation"/>
    <property name="sun.stderr.encoding" value="cp850"/>
    <property name="maven.home" value="C:\Program Files\apache-maven-3.8.5"/>
    <property name="file.separator" value="\"/>
    <property name="java.version.date" value="2022-04-22"/>
    <property name="java.vendor.url.bug" value="https://bugreport.java.com/bugreport/"/>
    <property name="sun.io.unicode.encoding" value="UnicodeLittle"/>
    <property name="sun.cpu.endian" value="little"/>
    <property name="sun.stdout.encoding" value="cp850"/>
    <property name="sun.cpu.isalist" value="amd64"/>
  </properties>
  <testcase classname="GridTest" name="GridTest.testGetSetHasHitMine" time="0"/>
  <testcase classname="GridTest" name="GridTest.testRemoveFlagThree" time="0">
    <failure message="expected:&lt;Cell already revealed.&gt; but was:&lt;&gt;" type="junit.framework.ComparisonFailure">junit.framework.ComparisonFailure: expected:&lt;Cell already revealed.&gt; but was:&lt;&gt;
	at junit.framework.Assert.assertEquals(Assert.java:81)
	at junit.framework.Assert.assertEquals(Assert.java:87)
	at GridTest.testRemoveFlagThree(GridTest.java:189)
</failure>
    <system-out>Cell already revealed.
</system-out>
  </testcase>
  <testcase classname="GridTest" name="GridTest.testUpdateGrid" time="0"/>
  <testcase classname="GridTest" name="GridTest.testGetSetHeight" time="0"/>
  <testcase classname="GridTest" name="GridTest.testSetGetWidth" time="0"/>
  <testcase classname="GridTest" name="GridTest.testGetNumMines" time="0"/>
  <testcase classname="GridTest" name="GridTest.testBuildGrid" time="0.007">
    <failure message="getCell is not working correctly. ==&gt; expected: &lt;null&gt; but was: &lt;game.minesweeper.Cell@467aecef&gt;" type="org.opentest4j.AssertionFailedError">org.opentest4j.AssertionFailedError: getCell is not working correctly. ==&gt; expected: &lt;null&gt; but was: &lt;game.minesweeper.Cell@467aecef&gt;
	at org.junit.jupiter.api.AssertionUtils.fail(AssertionUtils.java:55)
	at org.junit.jupiter.api.AssertNull.failNotNull(AssertNull.java:54)
	at org.junit.jupiter.api.AssertNull.assertNull(AssertNull.java:38)
	at org.junit.jupiter.api.Assertions.assertNull(Assertions.java:283)
	at GridTest.testBuildGrid(GridTest.java:92)
</failure>
  </testcase>
  <testcase classname="GridTest" name="GridTest.testAddFlagOne" time="0">
    <failure message="expected:&lt;Flag added.&gt; but was:&lt;&gt;" type="junit.framework.ComparisonFailure">junit.framework.ComparisonFailure: expected:&lt;Flag added.&gt; but was:&lt;&gt;
	at junit.framework.Assert.assertEquals(Assert.java:81)
	at junit.framework.Assert.assertEquals(Assert.java:87)
	at GridTest.testAddFlagOne(GridTest.java:135)
</failure>
    <system-out>Flag added.
</system-out>
  </testcase>
  <testcase classname="GridTest" name="GridTest.testRemoveFlagOne" time="0">
    <failure message="expected:&lt;Flag removed.&gt; but was:&lt;&gt;" type="junit.framework.ComparisonFailure">junit.framework.ComparisonFailure: expected:&lt;Flag removed.&gt; but was:&lt;&gt;
	at junit.framework.Assert.assertEquals(Assert.java:81)
	at junit.framework.Assert.assertEquals(Assert.java:87)
	at GridTest.testRemoveFlagOne(GridTest.java:170)
</failure>
    <system-out>Flag removed.
</system-out>
  </testcase>
  <testcase classname="GridTest" name="GridTest.testIsInRange" time="0"/>
  <testcase classname="GridTest" name="GridTest.testGetNeighbours" time="0"/>
  <testcase classname="GridTest" name="GridTest.testAddFlagTwo" time="0.001">
    <failure message="expected:&lt;There is already a flag.&gt; but was:&lt;&gt;" type="junit.framework.ComparisonFailure">junit.framework.ComparisonFailure: expected:&lt;There is already a flag.&gt; but was:&lt;&gt;
	at junit.framework.Assert.assertEquals(Assert.java:81)
	at junit.framework.Assert.assertEquals(Assert.java:87)
	at GridTest.testAddFlagTwo(GridTest.java:145)
</failure>
    <system-out>There is already a flag.
</system-out>
  </testcase>
  <testcase classname="GridTest" name="GridTest.testRemoveFlagTw0" time="0">
    <failure message="expected:&lt;There is no flag to remove.&gt; but was:&lt;&gt;" type="junit.framework.ComparisonFailure">junit.framework.ComparisonFailure: expected:&lt;There is no flag to remove.&gt; but was:&lt;&gt;
	at junit.framework.Assert.assertEquals(Assert.java:81)
	at junit.framework.Assert.assertEquals(Assert.java:87)
	at GridTest.testRemoveFlagTw0(GridTest.java:179)
</failure>
    <system-out>There is no flag to remove.
</system-out>
  </testcase>
  <testcase classname="GridTest" name="GridTest.testAddFlagThree" time="0.001">
    <failure message="expected:&lt;Cell already revealed.&gt; but was:&lt;&gt;" type="junit.framework.ComparisonFailure">junit.framework.ComparisonFailure: expected:&lt;Cell already revealed.&gt; but was:&lt;&gt;
	at junit.framework.Assert.assertEquals(Assert.java:81)
	at junit.framework.Assert.assertEquals(Assert.java:87)
	at GridTest.testAddFlagThree(GridTest.java:155)
</failure>
    <system-out>Cell already revealed.
</system-out>
  </testcase>
  <testcase classname="GridTest" name="GridTest.testRevealCell" time="0"/>
  <testcase classname="GridTest" name="GridTest.testRevealAll" time="0"/>
</testsuite>